e:\code\vs2017\luademo\luademo\debug\vc141.pdb
e:\code\vs2017\luademo\luademo\debug\vc141.idb
e:\code\vs2017\luademo\luademo\debug\lparser.obj
e:\code\vs2017\luademo\luademo\debug\lopcodes.obj
e:\code\vs2017\luademo\luademo\debug\lmem.obj
e:\code\vs2017\luademo\luademo\debug\lmathlib.obj
e:\code\vs2017\luademo\luademo\debug\llex.obj
e:\code\vs2017\luademo\luademo\debug\linit.obj
e:\code\vs2017\luademo\luademo\debug\lgc.obj
e:\code\vs2017\luademo\luademo\debug\lfunc.obj
e:\code\vs2017\luademo\luademo\debug\ldump.obj
e:\code\vs2017\luademo\luademo\debug\ldo.obj
e:\code\vs2017\luademo\luademo\debug\ldebug.obj
e:\code\vs2017\luademo\luademo\debug\ldblib.obj
e:\code\vs2017\luademo\luademo\debug\lcode.obj
e:\code\vs2017\luademo\luademo\debug\lbaselib.obj
e:\code\vs2017\luademo\luademo\debug\lapi.obj
e:\code\vs2017\luademo\luademo\debug\print.obj
e:\code\vs2017\luademo\luademo\debug\lzio.obj
e:\code\vs2017\luademo\luademo\debug\lundump.obj
e:\code\vs2017\luademo\luademo\debug\ltm.obj
e:\code\vs2017\luademo\luademo\debug\ltablib.obj
e:\code\vs2017\luademo\luademo\debug\ltable.obj
e:\code\vs2017\luademo\luademo\debug\lstring.obj
e:\code\vs2017\luademo\luademo\debug\lstate.obj
e:\code\vs2017\luademo\luademo\debug\luademo.obj
e:\code\vs2017\luademo\luademo\debug\loslib.obj
e:\code\vs2017\luademo\luademo\debug\lobject.obj
e:\code\vs2017\luademo\luademo\debug\loadlib.obj
e:\code\vs2017\luademo\luademo\debug\liolib.obj
e:\code\vs2017\luademo\luademo\debug\lauxlib.obj
e:\code\vs2017\luademo\luademo\debug\lvm.obj
e:\code\vs2017\luademo\luademo\debug\lua.obj
e:\code\vs2017\luademo\luademo\debug\lstrlib.obj
e:\code\vs2017\luademo\luademo\debug\pch.obj
e:\code\vs2017\luademo\luademo\debug\luademo.pch
e:\code\vs2017\luademo\debug\luademo.pdb
e:\code\vs2017\luademo\luademo\debug\luademo.tlog\cl.command.1.tlog
e:\code\vs2017\luademo\luademo\debug\luademo.tlog\cl.read.1.tlog
e:\code\vs2017\luademo\luademo\debug\luademo.tlog\cl.write.1.tlog
e:\code\vs2017\luademo\luademo\debug\luademo.tlog\link-cvtres.read.1.tlog
e:\code\vs2017\luademo\luademo\debug\luademo.tlog\link-cvtres.write.1.tlog
e:\code\vs2017\luademo\luademo\debug\luademo.tlog\link-rc.read.1.tlog
e:\code\vs2017\luademo\luademo\debug\luademo.tlog\link-rc.write.1.tlog
e:\code\vs2017\luademo\luademo\debug\luademo.tlog\link.15336-cvtres.read.1.tlog
e:\code\vs2017\luademo\luademo\debug\luademo.tlog\link.15336-cvtres.write.1.tlog
e:\code\vs2017\luademo\luademo\debug\luademo.tlog\link.15336-rc.read.1.tlog
e:\code\vs2017\luademo\luademo\debug\luademo.tlog\link.15336-rc.write.1.tlog
e:\code\vs2017\luademo\luademo\debug\luademo.tlog\link.15336.read.1.tlog
e:\code\vs2017\luademo\luademo\debug\luademo.tlog\link.15336.write.1.tlog
e:\code\vs2017\luademo\luademo\debug\luademo.tlog\link.command.1.tlog
e:\code\vs2017\luademo\luademo\debug\luademo.tlog\link.read.1.tlog
e:\code\vs2017\luademo\luademo\debug\luademo.tlog\link.write.1.tlog
